Using pre-set license
Built from '2020.3/staging' branch; Version is '2020.3.11f1 (99c7afb366b3) revision 10078127'; Using compiler version '192528614'; Build Type 'Release'
OS: 'Windows 10 Pro; OS build 19042.1052; Version 2009; 64bit' Language: 'fr' Physical Memory: 8101 MB
BatchMode: 1, IsHumanControllingUs: 0, StartBugReporterOnCrash: 0, Is64bit: 1, IsPro: 0

 COMMAND LINE ARGUMENTS:
C:\Program Files\Unity\Hub\Editor\2020.3.11f1\Editor\Unity.exe
-adb2
-batchMode
-noUpm
-name
AssetImportWorker0
-projectPath
C:/Users/lenovo/RallaBall
-logFile
Logs/AssetImportWorker0.log
-srvPort
51134
Successfully changed project path to: C:/Users/lenovo/RallaBall
C:/Users/lenovo/RallaBall
Using Asset Import Pipeline V2.
Refreshing native plugins compatible for Editor in 29.65 ms, found 2 plugins.
Preloading 0 native plugins for Editor in 0.00 ms.
Initialize engine version: 2020.3.11f1 (99c7afb366b3)
[Subsystems] Discovering subsystems at path C:/Program Files/Unity/Hub/Editor/2020.3.11f1/Editor/Data/Resources/UnitySubsystems
[Subsystems] Discovering subsystems at path C:/Users/lenovo/RallaBall/Assets
GfxDevice: creating device client; threaded=0
Direct3D:
    Version:  Direct3D 11.0 [level 11.1]
    Renderer: AMD Radeon(TM) 530 (ID=0x6900)
    Vendor:   
    VRAM:     4087 MB
    Driver:   26.20.12026.2001
Initialize mono
Mono path[0] = 'C:/Program Files/Unity/Hub/Editor/2020.3.11f1/Editor/Data/Managed'
Mono path[1] = 'C:/Program Files/Unity/Hub/Editor/2020.3.11f1/Editor/Data/MonoBleedingEdge/lib/mono/unityjit'
Mono config path = 'C:/Program Files/Unity/Hub/Editor/2020.3.11f1/Editor/Data/MonoBleedingEdge/etc'
Using monoOptions --debugger-agent=transport=dt_socket,embedding=1,server=y,suspend=n,address=127.0.0.1:56248
Begin MonoManager ReloadAssembly
Registering precompiled unity dll's ...
Register platform support module: C:/Program Files/Unity/Hub/Editor/2020.3.11f1/Editor/Data/PlaybackEngines/WindowsStandaloneSupport/UnityEditor.WindowsStandalone.Extensions.dll
Registered in 0.002133 seconds.
Native extension for WindowsStandalone target not found
Refreshing native plugins compatible for Editor in 55.96 ms, found 2 plugins.
Preloading 0 native plugins for Editor in 0.00 ms.
Mono: successfully reloaded assembly
- Completed reload, in  1.408 seconds
Platform modules already initialized, skipping
Registering precompiled user dll's ...
Registered in 0.009124 seconds.
Begin MonoManager ReloadAssembly
Native extension for WindowsStandalone target not found
Refreshing native plugins compatible for Editor in 0.50 ms, found 2 plugins.
Preloading 0 native plugins for Editor in 0.00 ms.
Mono: successfully reloaded assembly
- Completed reload, in  2.246 seconds
Platform modules already initialized, skipping
========================================================================
Worker process is ready to serve import requests
Launched and connected shader compiler UnityShaderCompiler.exe after 0.04 seconds
Refreshing native plugins compatible for Editor in 0.32 ms, found 2 plugins.
Preloading 0 native plugins for Editor in 0.00 ms.
Unloading 1388 Unused Serialized files (Serialized files now loaded: 0)
System memory in use before: 64.7 MB.
System memory in use after: 64.8 MB.

Unloading 19 unused Assets to reduce memory usage. Loaded Objects now: 1821.
Total: 2.020000 ms (FindLiveObjects: 0.176000 ms CreateObjectMapping: 0.046300 ms MarkObjects: 1.721000 ms  DeleteObjects: 0.075700 ms)

========================================================================
Received Import Request.
  path: Assets/Scripts/CameraControleur.cs
  artifactKey: Guid(93e614db57cd3844a892aa690355d7e7) Importer(815301076,1909f56bfc062723c751e8b465ee728b)
Start importing Assets/Scripts/CameraControleur.cs using Guid(93e614db57cd3844a892aa690355d7e7) Importer(815301076,1909f56bfc062723c751e8b465ee728b)  -> (artifact id: 'e880bf81bb2545dd152231e3bb706894') in 0.027431 seconds
  Import took 0.083569 seconds .

========================================================================
Received Prepare
Registering precompiled user dll's ...
Registered in 0.009604 seconds.
Begin MonoManager ReloadAssembly
Native extension for WindowsStandalone target not found
Refreshing native plugins compatible for Editor in 0.46 ms, found 2 plugins.
Preloading 0 native plugins for Editor in 0.00 ms.
Mono: successfully reloaded assembly
- Completed reload, in  1.190 seconds
Platform modules already initialized, skipping
Refreshing native plugins compatible for Editor in 0.43 ms, found 2 plugins.
Preloading 0 native plugins for Editor in 0.00 ms.
Unloading 1383 Unused Serialized files (Serialized files now loaded: 0)
System memory in use before: 64.6 MB.
System memory in use after: 64.7 MB.

Unloading 14 unused Assets to reduce memory usage. Loaded Objects now: 1824.
Total: 2.564000 ms (FindLiveObjects: 0.436900 ms CreateObjectMapping: 0.081500 ms MarkObjects: 1.973100 ms  DeleteObjects: 0.070600 ms)

========================================================================
Received Import Request.
  Time since last request: 144.967129 seconds.
  path: Assets/Scripts/CameraControleur.cs
  artifactKey: Guid(93e614db57cd3844a892aa690355d7e7) Importer(815301076,1909f56bfc062723c751e8b465ee728b)
Start importing Assets/Scripts/CameraControleur.cs using Guid(93e614db57cd3844a892aa690355d7e7) Importer(815301076,1909f56bfc062723c751e8b465ee728b)  -> (artifact id: '6878cef04450c23275f2328758be5045') in 0.009260 seconds
  Import took 0.105101 seconds .

========================================================================
Received Import Request.
  Time since last request: 0.001756 seconds.
  path: Assets/Scripts/CameraControleur.cs
  artifactKey: Guid(93e614db57cd3844a892aa690355d7e7) Importer(815301076,1909f56bfc062723c751e8b465ee728b)
Start importing Assets/Scripts/CameraControleur.cs using Guid(93e614db57cd3844a892aa690355d7e7) Importer(815301076,1909f56bfc062723c751e8b465ee728b)  -> (artifact id: '6878cef04450c23275f2328758be5045') in 0.003948 seconds
  Import took 0.006768 seconds .

========================================================================
Received Prepare
Registering precompiled user dll's ...
Registered in 0.004149 seconds.
Begin MonoManager ReloadAssembly
Native extension for WindowsStandalone target not found
Refreshing native plugins compatible for Editor in 1.01 ms, found 2 plugins.
Preloading 0 native plugins for Editor in 0.00 ms.
Mono: successfully reloaded assembly
- Completed reload, in  1.993 seconds
Platform modules already initialized, skipping
Refreshing native plugins compatible for Editor in 0.52 ms, found 2 plugins.
Preloading 0 native plugins for Editor in 0.00 ms.
Unloading 1384 Unused Serialized files (Serialized files now loaded: 0)
System memory in use before: 64.7 MB.
System memory in use after: 64.8 MB.

Unloading 14 unused Assets to reduce memory usage. Loaded Objects now: 1828.
Total: 3.495800 ms (FindLiveObjects: 0.258200 ms CreateObjectMapping: 0.090400 ms MarkObjects: 3.057900 ms  DeleteObjects: 0.087600 ms)

========================================================================
Received Prepare
Registering precompiled user dll's ...
Registered in 0.015120 seconds.
Begin MonoManager ReloadAssembly
Native extension for WindowsStandalone target not found
Refreshing native plugins compatible for Editor in 0.58 ms, found 2 plugins.
Preloading 0 native plugins for Editor in 0.00 ms.
Mono: successfully reloaded assembly
- Completed reload, in  2.131 seconds
Platform modules already initialized, skipping
Refreshing native plugins compatible for Editor in 0.50 ms, found 2 plugins.
Preloading 0 native plugins for Editor in 0.00 ms.
Unloading 1384 Unused Serialized files (Serialized files now loaded: 0)
System memory in use before: 64.7 MB.
System memory in use after: 64.8 MB.

Unloading 14 unused Assets to reduce memory usage. Loaded Objects now: 1831.
Total: 3.662900 ms (FindLiveObjects: 0.455800 ms CreateObjectMapping: 0.180100 ms MarkObjects: 2.934100 ms  DeleteObjects: 0.090900 ms)

========================================================================
Received Prepare
Registering precompiled user dll's ...
Registered in 0.008666 seconds.
Begin MonoManager ReloadAssembly
Native extension for WindowsStandalone target not found
Refreshing native plugins compatible for Editor in 0.50 ms, found 2 plugins.
Preloading 0 native plugins for Editor in 0.00 ms.
Mono: successfully reloaded assembly
- Completed reload, in  1.976 seconds
Platform modules already initialized, skipping
Refreshing native plugins compatible for Editor in 0.52 ms, found 2 plugins.
Preloading 0 native plugins for Editor in 0.00 ms.
Unloading 1384 Unused Serialized files (Serialized files now loaded: 0)
System memory in use before: 64.7 MB.
System memory in use after: 64.8 MB.

Unloading 14 unused Assets to reduce memory usage. Loaded Objects now: 1834.
Total: 3.527400 ms (FindLiveObjects: 0.236600 ms CreateObjectMapping: 0.077100 ms MarkObjects: 3.130600 ms  DeleteObjects: 0.081300 ms)

========================================================================
Received Import Request.
  Time since last request: 660.364062 seconds.
  path: Assets/Scripts/Rotator.cs
  artifactKey: Guid(e66b65b5ea3ec3d45a07a457416efeeb) Importer(815301076,1909f56bfc062723c751e8b465ee728b)
Start importing Assets/Scripts/Rotator.cs using Guid(e66b65b5ea3ec3d45a07a457416efeeb) Importer(815301076,1909f56bfc062723c751e8b465ee728b)  -> (artifact id: 'a1942d40cd165c02d940f43a6d08acef') in 0.153201 seconds
  Import took 0.169124 seconds .

========================================================================
Received Prepare
Registering precompiled user dll's ...
Registered in 0.009475 seconds.
Begin MonoManager ReloadAssembly
Native extension for WindowsStandalone target not found
Refreshing native plugins compatible for Editor in 0.51 ms, found 2 plugins.
Preloading 0 native plugins for Editor in 0.00 ms.
Mono: successfully reloaded assembly
- Completed reload, in  1.922 seconds
Platform modules already initialized, skipping
Refreshing native plugins compatible for Editor in 0.32 ms, found 2 plugins.
Preloading 0 native plugins for Editor in 0.00 ms.
Unloading 1384 Unused Serialized files (Serialized files now loaded: 0)
System memory in use before: 64.7 MB.
System memory in use after: 64.8 MB.

Unloading 14 unused Assets to reduce memory usage. Loaded Objects now: 1837.
Total: 2.224800 ms (FindLiveObjects: 0.178500 ms CreateObjectMapping: 0.038900 ms MarkObjects: 1.918900 ms  DeleteObjects: 0.087400 ms)

========================================================================
Received Import Request.
  Time since last request: 145.711197 seconds.
  path: Assets/Scripts/Rotator.cs
  artifactKey: Guid(e66b65b5ea3ec3d45a07a457416efeeb) Importer(815301076,1909f56bfc062723c751e8b465ee728b)
Start importing Assets/Scripts/Rotator.cs using Guid(e66b65b5ea3ec3d45a07a457416efeeb) Importer(815301076,1909f56bfc062723c751e8b465ee728b)  -> (artifact id: '79ab13d826dc619fa600ece300591880') in 0.007425 seconds
  Import took 0.015711 seconds .

========================================================================
Received Prepare
Registering precompiled user dll's ...
Registered in 0.011247 seconds.
Begin MonoManager ReloadAssembly
Native extension for WindowsStandalone target not found
Refreshing native plugins compatible for Editor in 0.87 ms, found 2 plugins.
Preloading 0 native plugins for Editor in 0.00 ms.
Mono: successfully reloaded assembly
- Completed reload, in  2.318 seconds
Platform modules already initialized, skipping
Refreshing native plugins compatible for Editor in 0.49 ms, found 2 plugins.
Preloading 0 native plugins for Editor in 0.00 ms.
Unloading 1384 Unused Serialized files (Serialized files now loaded: 0)
System memory in use before: 64.7 MB.
System memory in use after: 64.8 MB.

Unloading 14 unused Assets to reduce memory usage. Loaded Objects now: 1840.
Total: 4.063200 ms (FindLiveObjects: 0.363300 ms CreateObjectMapping: 0.214600 ms MarkObjects: 3.396100 ms  DeleteObjects: 0.086300 ms)

========================================================================
Received Import Request.
  Time since last request: 51.869668 seconds.
  path: Assets/Prefabs
  artifactKey: Guid(630b7d490c6357740a9b5aa26380df51) Importer(815301076,1909f56bfc062723c751e8b465ee728b)
Start importing Assets/Prefabs using Guid(630b7d490c6357740a9b5aa26380df51) Importer(815301076,1909f56bfc062723c751e8b465ee728b)  -> (artifact id: 'f5f7972d9e8a4d48229280cb72993aeb') in 0.062373 seconds
  Import took 0.067213 seconds .

========================================================================
Received Import Request.
  Time since last request: 46.020101 seconds.
  path: Assets/Prefabs/Cible.prefab
  artifactKey: Guid(788d78bbfe08f554eb1960cc4732b88e) Importer(815301076,1909f56bfc062723c751e8b465ee728b)
Start importing Assets/Prefabs/Cible.prefab using Guid(788d78bbfe08f554eb1960cc4732b88e) Importer(815301076,1909f56bfc062723c751e8b465ee728b)  -> (artifact id: 'c4a29e989a5bc95b7d61d469ca5d4d60') in 0.437189 seconds
  Import took 0.453532 seconds .

========================================================================
Received Import Request.
  Time since last request: 0.005838 seconds.
  path: Assets/Prefabs/Cible.prefab
  artifactKey: Guid(788d78bbfe08f554eb1960cc4732b88e) Importer(815301076,1909f56bfc062723c751e8b465ee728b)
Start importing Assets/Prefabs/Cible.prefab using Guid(788d78bbfe08f554eb1960cc4732b88e) Importer(815301076,1909f56bfc062723c751e8b465ee728b)  -> (artifact id: 'c4a29e989a5bc95b7d61d469ca5d4d60') in 0.027870 seconds
  Import took 0.032818 seconds .

========================================================================
Received Prepare
Registering precompiled user dll's ...
Registered in 0.005898 seconds.
Begin MonoManager ReloadAssembly
Native extension for WindowsStandalone target not found
Refreshing native plugins compatible for Editor in 0.53 ms, found 2 plugins.
Preloading 0 native plugins for Editor in 0.00 ms.
Mono: successfully reloaded assembly
- Completed reload, in  1.890 seconds
Platform modules already initialized, skipping
Refreshing native plugins compatible for Editor in 0.51 ms, found 2 plugins.
Preloading 0 native plugins for Editor in 0.00 ms.
Unloading 1384 Unused Serialized files (Serialized files now loaded: 0)
System memory in use before: 67.9 MB.
System memory in use after: 67.9 MB.

Unloading 15 unused Assets to reduce memory usage. Loaded Objects now: 1851.
Total: 3.522800 ms (FindLiveObjects: 0.249200 ms CreateObjectMapping: 0.078000 ms MarkObjects: 3.093100 ms  DeleteObjects: 0.100700 ms)

========================================================================
Received Import Request.
  Time since last request: 215.203928 seconds.
  path: Assets/Prefabs/Cibles.prefab
  artifactKey: Guid(88a51f2821d219d4ab23d234c1a6eef1) Importer(815301076,1909f56bfc062723c751e8b465ee728b)
Start importing Assets/Prefabs/Cibles.prefab using Guid(88a51f2821d219d4ab23d234c1a6eef1) Importer(815301076,1909f56bfc062723c751e8b465ee728b)  -> (artifact id: '82017864dfaba3e01bed46f984cded6a') in 0.148373 seconds
  Import took 0.152851 seconds .

========================================================================
Received Prepare
Registering precompiled user dll's ...
Registered in 0.005201 seconds.
Begin MonoManager ReloadAssembly
Native extension for WindowsStandalone target not found
Refreshing native plugins compatible for Editor in 0.84 ms, found 2 plugins.
Preloading 0 native plugins for Editor in 0.00 ms.
Mono: successfully reloaded assembly
- Completed reload, in  2.053 seconds
Platform modules already initialized, skipping
Refreshing native plugins compatible for Editor in 0.51 ms, found 2 plugins.
Preloading 0 native plugins for Editor in 0.00 ms.
Unloading 1384 Unused Serialized files (Serialized files now loaded: 0)
System memory in use before: 67.9 MB.
System memory in use after: 68.0 MB.

Unloading 15 unused Assets to reduce memory usage. Loaded Objects now: 1855.
Total: 3.402100 ms (FindLiveObjects: 0.247700 ms CreateObjectMapping: 0.077300 ms MarkObjects: 2.977600 ms  DeleteObjects: 0.097600 ms)

========================================================================
Received Import Request.
  Time since last request: 291.219642 seconds.
  path: Assets/Scripts/Rotator.cs
  artifactKey: Guid(e66b65b5ea3ec3d45a07a457416efeeb) Importer(815301076,1909f56bfc062723c751e8b465ee728b)
Start importing Assets/Scripts/Rotator.cs using Guid(e66b65b5ea3ec3d45a07a457416efeeb) Importer(815301076,1909f56bfc062723c751e8b465ee728b)  -> (artifact id: '08e9479828dfae32c8b86838dfde6228') in 0.006925 seconds
  Import took 0.024699 seconds .

========================================================================
Received Prepare
Registering precompiled user dll's ...
Registered in 0.008431 seconds.
Begin MonoManager ReloadAssembly
Native extension for WindowsStandalone target not found
Refreshing native plugins compatible for Editor in 0.33 ms, found 2 plugins.
Preloading 0 native plugins for Editor in 0.00 ms.
Mono: successfully reloaded assembly
- Completed reload, in  0.918 seconds
Platform modules already initialized, skipping
Refreshing native plugins compatible for Editor in 0.31 ms, found 2 plugins.
Preloading 0 native plugins for Editor in 0.00 ms.
Unloading 1383 Unused Serialized files (Serialized files now loaded: 0)
System memory in use before: 67.9 MB.
System memory in use after: 67.9 MB.

Unloading 15 unused Assets to reduce memory usage. Loaded Objects now: 1857.
Total: 2.013200 ms (FindLiveObjects: 0.158600 ms CreateObjectMapping: 0.042600 ms MarkObjects: 1.759200 ms  DeleteObjects: 0.051600 ms)

========================================================================
Received Prepare
Registering precompiled user dll's ...
Registered in 0.009881 seconds.
Begin MonoManager ReloadAssembly
Native extension for WindowsStandalone target not found
Refreshing native plugins compatible for Editor in 0.31 ms, found 2 plugins.
Preloading 0 native plugins for Editor in 0.00 ms.
Mono: successfully reloaded assembly
- Completed reload, in  1.087 seconds
Platform modules already initialized, skipping
Refreshing native plugins compatible for Editor in 0.40 ms, found 2 plugins.
Preloading 0 native plugins for Editor in 0.00 ms.
Unloading 1384 Unused Serialized files (Serialized files now loaded: 0)
System memory in use before: 67.9 MB.
System memory in use after: 68.0 MB.

Unloading 14 unused Assets to reduce memory usage. Loaded Objects now: 1861.
Total: 2.179000 ms (FindLiveObjects: 0.178900 ms CreateObjectMapping: 0.041800 ms MarkObjects: 1.904200 ms  DeleteObjects: 0.053100 ms)

========================================================================
Received Prepare
Registering precompiled user dll's ...
Registered in 0.003974 seconds.
Begin MonoManager ReloadAssembly
Native extension for WindowsStandalone target not found
Refreshing native plugins compatible for Editor in 0.61 ms, found 2 plugins.
Preloading 0 native plugins for Editor in 0.00 ms.
Mono: successfully reloaded assembly
- Completed reload, in  1.296 seconds
Platform modules already initialized, skipping
Refreshing native plugins compatible for Editor in 0.51 ms, found 2 plugins.
Preloading 0 native plugins for Editor in 0.00 ms.
Unloading 1384 Unused Serialized files (Serialized files now loaded: 0)
System memory in use before: 67.9 MB.
System memory in use after: 68.0 MB.

Unloading 14 unused Assets to reduce memory usage. Loaded Objects now: 1864.
Total: 3.515300 ms (FindLiveObjects: 0.243800 ms CreateObjectMapping: 0.104100 ms MarkObjects: 3.083900 ms  DeleteObjects: 0.081900 ms)

========================================================================
Received Import Request.
  Time since last request: 147.948845 seconds.
  path: Assets/Prefabs/Rotator.cs
  artifactKey: Guid(e5b28858d7957d047a66e909b3a3c993) Importer(815301076,1909f56bfc062723c751e8b465ee728b)
Start importing Assets/Prefabs/Rotator.cs using Guid(e5b28858d7957d047a66e909b3a3c993) Importer(815301076,1909f56bfc062723c751e8b465ee728b)  -> (artifact id: 'd6146ba009745c2d5c504268d1dd0b98') in 0.007053 seconds
  Import took 0.021468 seconds .

========================================================================
Received Prepare
Registering precompiled user dll's ...
Registered in 0.004119 seconds.
Begin MonoManager ReloadAssembly
Native extension for WindowsStandalone target not found
Refreshing native plugins compatible for Editor in 0.51 ms, found 2 plugins.
Preloading 0 native plugins for Editor in 0.00 ms.
Mono: successfully reloaded assembly
- Completed reload, in  1.872 seconds
Platform modules already initialized, skipping
Refreshing native plugins compatible for Editor in 0.55 ms, found 2 plugins.
Preloading 0 native plugins for Editor in 0.00 ms.
Unloading 1384 Unused Serialized files (Serialized files now loaded: 0)
System memory in use before: 67.9 MB.
System memory in use after: 68.0 MB.

Unloading 14 unused Assets to reduce memory usage. Loaded Objects now: 1867.
Total: 3.765100 ms (FindLiveObjects: 0.250500 ms CreateObjectMapping: 0.084900 ms MarkObjects: 3.339400 ms  DeleteObjects: 0.088600 ms)

========================================================================
Received Prepare
Registering precompiled user dll's ...
Registered in 0.008900 seconds.
Begin MonoManager ReloadAssembly
Native extension for WindowsStandalone target not found
Refreshing native plugins compatible for Editor in 0.53 ms, found 2 plugins.
Preloading 0 native plugins for Editor in 0.00 ms.
Mono: successfully reloaded assembly
- Completed reload, in  1.722 seconds
Platform modules already initialized, skipping
Refreshing native plugins compatible for Editor in 0.34 ms, found 2 plugins.
Preloading 0 native plugins for Editor in 0.00 ms.
Unloading 1384 Unused Serialized files (Serialized files now loaded: 0)
System memory in use before: 67.9 MB.
System memory in use after: 68.0 MB.

Unloading 14 unused Assets to reduce memory usage. Loaded Objects now: 1870.
Total: 2.281700 ms (FindLiveObjects: 0.162700 ms CreateObjectMapping: 0.038400 ms MarkObjects: 1.987700 ms  DeleteObjects: 0.092000 ms)

========================================================================
Received Import Request.
  Time since last request: 62.834207 seconds.
  path: Assets/Scripts/Rotator.cs
  artifactKey: Guid(e5b28858d7957d047a66e909b3a3c993) Importer(815301076,1909f56bfc062723c751e8b465ee728b)
Start importing Assets/Scripts/Rotator.cs using Guid(e5b28858d7957d047a66e909b3a3c993) Importer(815301076,1909f56bfc062723c751e8b465ee728b)  -> (artifact id: 'd4c499060744585efd7c6475637b37a3') in 0.007189 seconds
  Import took 0.009541 seconds .

========================================================================
Received Import Request.
  Time since last request: 36.585682 seconds.
  path: Assets/Prefabs/Pick Up.prefab
  artifactKey: Guid(482c9b900e34fa14eb15d731596d04fd) Importer(815301076,1909f56bfc062723c751e8b465ee728b)
Start importing Assets/Prefabs/Pick Up.prefab using Guid(482c9b900e34fa14eb15d731596d04fd) Importer(815301076,1909f56bfc062723c751e8b465ee728b)  -> (artifact id: 'c6cf86142eac3c80a2b705e38f54a788') in 0.061645 seconds
  Import took 0.072463 seconds .

========================================================================
Received Import Request.
  Time since last request: 0.023203 seconds.
  path: Assets/Prefabs/Pick Up.prefab
  artifactKey: Guid(482c9b900e34fa14eb15d731596d04fd) Importer(815301076,1909f56bfc062723c751e8b465ee728b)
Start importing Assets/Prefabs/Pick Up.prefab using Guid(482c9b900e34fa14eb15d731596d04fd) Importer(815301076,1909f56bfc062723c751e8b465ee728b)  -> (artifact id: 'c6cf86142eac3c80a2b705e38f54a788') in 0.022536 seconds
  Import took 0.025070 seconds .

========================================================================
Received Import Request.
  Time since last request: 445.266990 seconds.
  path: Assets/Materials/Pick Up.mat
  artifactKey: Guid(afc464d183562404ba377acaa40ca9fb) Importer(815301076,1909f56bfc062723c751e8b465ee728b)
Start importing Assets/Materials/Pick Up.mat using Guid(afc464d183562404ba377acaa40ca9fb) Importer(815301076,1909f56bfc062723c751e8b465ee728b)  -> (artifact id: '1f7196af006b7c0cd608eb92cd9760dd') in 0.087569 seconds
  Import took 0.109459 seconds .

========================================================================
Received Prepare
Registering precompiled user dll's ...
Registered in 0.014891 seconds.
Begin MonoManager ReloadAssembly
Native extension for WindowsStandalone target not found
Refreshing native plugins compatible for Editor in 1.46 ms, found 2 plugins.
Preloading 0 native plugins for Editor in 0.00 ms.
Mono: successfully reloaded assembly
- Completed reload, in  2.697 seconds
Platform modules already initialized, skipping
Refreshing native plugins compatible for Editor in 0.86 ms, found 2 plugins.
Preloading 0 native plugins for Editor in 0.00 ms.
Unloading 1384 Unused Serialized files (Serialized files now loaded: 0)
System memory in use before: 68.1 MB.
System memory in use after: 68.2 MB.

Unloading 15 unused Assets to reduce memory usage. Loaded Objects now: 1907.
Total: 4.619800 ms (FindLiveObjects: 0.392400 ms CreateObjectMapping: 0.147800 ms MarkObjects: 3.978100 ms  DeleteObjects: 0.099000 ms)

========================================================================
Received Import Request.
  Time since last request: 1392.059677 seconds.
  path: Assets/Scripts/JoueurControleur.cs
  artifactKey: Guid(467843ce071758f47b9aa9bdfec5d276) Importer(815301076,1909f56bfc062723c751e8b465ee728b)
Start importing Assets/Scripts/JoueurControleur.cs using Guid(467843ce071758f47b9aa9bdfec5d276) Importer(815301076,1909f56bfc062723c751e8b465ee728b)  -> (artifact id: '24127f99e436ba2c93bce683cd1d549d') in 0.018304 seconds
  Import took 0.039946 seconds .

========================================================================
Received Import Request.
  Time since last request: 0.008069 seconds.
  path: Assets/Scripts/JoueurControleur.cs
  artifactKey: Guid(467843ce071758f47b9aa9bdfec5d276) Importer(815301076,1909f56bfc062723c751e8b465ee728b)
Start importing Assets/Scripts/JoueurControleur.cs using Guid(467843ce071758f47b9aa9bdfec5d276) Importer(815301076,1909f56bfc062723c751e8b465ee728b)  -> (artifact id: '24127f99e436ba2c93bce683cd1d549d') in 0.004006 seconds
  Import took 0.009327 seconds .

========================================================================
Received Import Request.
  Time since last request: 190.689437 seconds.
  path: Assets/Scripts/JoueurControleur.cs
  artifactKey: Guid(467843ce071758f47b9aa9bdfec5d276) Importer(815301076,1909f56bfc062723c751e8b465ee728b)
Start importing Assets/Scripts/JoueurControleur.cs using Guid(467843ce071758f47b9aa9bdfec5d276) Importer(815301076,1909f56bfc062723c751e8b465ee728b)  -> (artifact id: '2c18b29a86d4b14cfab437968d8f3d4d') in 0.008557 seconds
  Import took 0.036051 seconds .

========================================================================
Received Import Request.
  Time since last request: 0.004486 seconds.
  path: Assets/Scripts/JoueurControleur.cs
  artifactKey: Guid(467843ce071758f47b9aa9bdfec5d276) Importer(815301076,1909f56bfc062723c751e8b465ee728b)
Start importing Assets/Scripts/JoueurControleur.cs using Guid(467843ce071758f47b9aa9bdfec5d276) Importer(815301076,1909f56bfc062723c751e8b465ee728b)  -> (artifact id: '2c18b29a86d4b14cfab437968d8f3d4d') in 0.008597 seconds
  Import took 0.015456 seconds .

========================================================================
Received Import Request.
  Time since last request: 29.676068 seconds.
  path: ProjectSettings/TagManager.asset
  artifactKey: Guid(00000000000000003000000000000000) Importer(815301076,1909f56bfc062723c751e8b465ee728b)
Start importing ProjectSettings/TagManager.asset using Guid(00000000000000003000000000000000) Importer(815301076,1909f56bfc062723c751e8b465ee728b)  -> (artifact id: 'ce6a35c3cddc746e7501c0bd0ed6d4ce') in 0.030191 seconds
  Import took 0.036693 seconds .

========================================================================
Received Import Request.
  Time since last request: 0.007032 seconds.
  path: ProjectSettings/TagManager.asset
  artifactKey: Guid(00000000000000003000000000000000) Importer(815301076,1909f56bfc062723c751e8b465ee728b)
Start importing ProjectSettings/TagManager.asset using Guid(00000000000000003000000000000000) Importer(815301076,1909f56bfc062723c751e8b465ee728b)  -> (artifact id: 'ce6a35c3cddc746e7501c0bd0ed6d4ce') in 0.005856 seconds
  Import took 0.010796 seconds .

========================================================================
Received Import Request.
  Time since last request: 39.477677 seconds.
  path: Assets/Prefabs/Pick Up.prefab
  artifactKey: Guid(482c9b900e34fa14eb15d731596d04fd) Importer(815301076,1909f56bfc062723c751e8b465ee728b)
Start importing Assets/Prefabs/Pick Up.prefab using Guid(482c9b900e34fa14eb15d731596d04fd) Importer(815301076,1909f56bfc062723c751e8b465ee728b)  -> (artifact id: 'dd433c02b7508ab86156ccaf4ffef40b') in 0.115166 seconds
  Import took 0.120869 seconds .

========================================================================
Received Import Request.
  Time since last request: 46.265614 seconds.
  path: Assets/Prefabs/Pick Up.prefab
  artifactKey: Guid(482c9b900e34fa14eb15d731596d04fd) Importer(815301076,1909f56bfc062723c751e8b465ee728b)
Start importing Assets/Prefabs/Pick Up.prefab using Guid(482c9b900e34fa14eb15d731596d04fd) Importer(815301076,1909f56bfc062723c751e8b465ee728b)  -> (artifact id: '5344cec8fafe823afeb5532543d09c83') in 0.031365 seconds
  Import took 0.038284 seconds .

========================================================================
Received Prepare
Registering precompiled user dll's ...
Registered in 0.010781 seconds.
Begin MonoManager ReloadAssembly
Native extension for WindowsStandalone target not found
Refreshing native plugins compatible for Editor in 0.50 ms, found 2 plugins.
Preloading 0 native plugins for Editor in 0.00 ms.
Mono: successfully reloaded assembly
- Completed reload, in  1.908 seconds
Platform modules already initialized, skipping
Refreshing native plugins compatible for Editor in 0.52 ms, found 2 plugins.
Preloading 0 native plugins for Editor in 0.00 ms.
Unloading 1384 Unused Serialized files (Serialized files now loaded: 0)
System memory in use before: 68.1 MB.
System memory in use after: 68.2 MB.

Unloading 17 unused Assets to reduce memory usage. Loaded Objects now: 1911.
Total: 3.513900 ms (FindLiveObjects: 0.274400 ms CreateObjectMapping: 0.082700 ms MarkObjects: 3.060200 ms  DeleteObjects: 0.095000 ms)

========================================================================
Received Import Request.
  Time since last request: 277.065780 seconds.
  path: Assets/Scripts/JoueurControleur.cs
  artifactKey: Guid(467843ce071758f47b9aa9bdfec5d276) Importer(815301076,1909f56bfc062723c751e8b465ee728b)
Start importing Assets/Scripts/JoueurControleur.cs using Guid(467843ce071758f47b9aa9bdfec5d276) Importer(815301076,1909f56bfc062723c751e8b465ee728b)  -> (artifact id: '8f72fada90805d44bb693adf9ebd8fa2') in 0.007173 seconds
  Import took 0.011573 seconds .

========================================================================
Received Prepare
Registering precompiled user dll's ...
Registered in 0.010089 seconds.
Begin MonoManager ReloadAssembly
Native extension for WindowsStandalone target not found
Refreshing native plugins compatible for Editor in 0.56 ms, found 2 plugins.
Preloading 0 native plugins for Editor in 0.00 ms.
Mono: successfully reloaded assembly
- Completed reload, in  2.367 seconds
Platform modules already initialized, skipping
Refreshing native plugins compatible for Editor in 1.32 ms, found 2 plugins.
Preloading 0 native plugins for Editor in 0.00 ms.
Unloading 1384 Unused Serialized files (Serialized files now loaded: 0)
System memory in use before: 68.1 MB.
System memory in use after: 68.2 MB.

Unloading 14 unused Assets to reduce memory usage. Loaded Objects now: 1914.
Total: 4.028100 ms (FindLiveObjects: 0.288600 ms CreateObjectMapping: 0.129700 ms MarkObjects: 3.517300 ms  DeleteObjects: 0.090600 ms)

========================================================================
Received Import Request.
  Time since last request: 791.100070 seconds.
  path: Assets/Prefabs/Pick Up.prefab
  artifactKey: Guid(482c9b900e34fa14eb15d731596d04fd) Importer(815301076,1909f56bfc062723c751e8b465ee728b)
Start importing Assets/Prefabs/Pick Up.prefab using Guid(482c9b900e34fa14eb15d731596d04fd) Importer(815301076,1909f56bfc062723c751e8b465ee728b)  -> (artifact id: '7229b32509001570b14acaed4e5c0948') in 0.135355 seconds
  Import took 0.141294 seconds .

========================================================================
Received Prepare
Registering precompiled user dll's ...
Registered in 0.008324 seconds.
Begin MonoManager ReloadAssembly
Native extension for WindowsStandalone target not found
Refreshing native plugins compatible for Editor in 0.51 ms, found 2 plugins.
Preloading 0 native plugins for Editor in 0.00 ms.
Mono: successfully reloaded assembly
- Completed reload, in  1.891 seconds
Platform modules already initialized, skipping
Refreshing native plugins compatible for Editor in 0.52 ms, found 2 plugins.
Preloading 0 native plugins for Editor in 0.00 ms.
Unloading 1384 Unused Serialized files (Serialized files now loaded: 0)
System memory in use before: 68.2 MB.
System memory in use after: 68.2 MB.

Unloading 15 unused Assets to reduce memory usage. Loaded Objects now: 1918.
Total: 3.496200 ms (FindLiveObjects: 0.303500 ms CreateObjectMapping: 0.084200 ms MarkObjects: 3.013900 ms  DeleteObjects: 0.092700 ms)

========================================================================
Received Import Request.
  Time since last request: 176.676976 seconds.
  path: Assets/Prefabs/Pick Up.prefab
  artifactKey: Guid(482c9b900e34fa14eb15d731596d04fd) Importer(815301076,1909f56bfc062723c751e8b465ee728b)
Start importing Assets/Prefabs/Pick Up.prefab using Guid(482c9b900e34fa14eb15d731596d04fd) Importer(815301076,1909f56bfc062723c751e8b465ee728b)  -> (artifact id: 'd25b9a1f9f6c95845c8cbe8b71450571') in 0.104867 seconds
  Import took 0.109070 seconds .

========================================================================
Received Import Request.
  Time since last request: 22.665190 seconds.
  path: Assets/Prefabs/Pick Up.prefab
  artifactKey: Guid(482c9b900e34fa14eb15d731596d04fd) Importer(815301076,1909f56bfc062723c751e8b465ee728b)
Start importing Assets/Prefabs/Pick Up.prefab using Guid(482c9b900e34fa14eb15d731596d04fd) Importer(815301076,1909f56bfc062723c751e8b465ee728b)  -> (artifact id: 'c4f09c6d910bc9b393e80aaac6c08261') in 0.016346 seconds
  Import took 0.041298 seconds .

========================================================================
Received Import Request.
  Time since last request: 0.010103 seconds.
  path: Assets/Prefabs/Pick Up.prefab
  artifactKey: Guid(482c9b900e34fa14eb15d731596d04fd) Importer(815301076,1909f56bfc062723c751e8b465ee728b)
Start importing Assets/Prefabs/Pick Up.prefab using Guid(482c9b900e34fa14eb15d731596d04fd) Importer(815301076,1909f56bfc062723c751e8b465ee728b)  -> (artifact id: 'c4f09c6d910bc9b393e80aaac6c08261') in 0.017929 seconds
  Import took 0.022623 seconds .

========================================================================
Received Import Request.
  Time since last request: 0.953097 seconds.
  path: Assets/Prefabs/Pick Up.prefab
  artifactKey: Guid(482c9b900e34fa14eb15d731596d04fd) Importer(815301076,1909f56bfc062723c751e8b465ee728b)
Start importing Assets/Prefabs/Pick Up.prefab using Guid(482c9b900e34fa14eb15d731596d04fd) Importer(815301076,1909f56bfc062723c751e8b465ee728b)  -> (artifact id: '44055020bc414477d822246fc244352a') in 0.014797 seconds
  Import took 0.026137 seconds .

========================================================================
Received Import Request.
  Time since last request: 0.014813 seconds.
  path: Assets/Prefabs/Pick Up.prefab
  artifactKey: Guid(482c9b900e34fa14eb15d731596d04fd) Importer(815301076,1909f56bfc062723c751e8b465ee728b)
Start importing Assets/Prefabs/Pick Up.prefab using Guid(482c9b900e34fa14eb15d731596d04fd) Importer(815301076,1909f56bfc062723c751e8b465ee728b)  -> (artifact id: '44055020bc414477d822246fc244352a') in 0.016254 seconds
  Import took 0.021121 seconds .

========================================================================
Received Import Request.
  Time since last request: 18.637079 seconds.
  path: Assets/Prefabs/Pick Up.prefab
  artifactKey: Guid(482c9b900e34fa14eb15d731596d04fd) Importer(815301076,1909f56bfc062723c751e8b465ee728b)
Start importing Assets/Prefabs/Pick Up.prefab using Guid(482c9b900e34fa14eb15d731596d04fd) Importer(815301076,1909f56bfc062723c751e8b465ee728b)  -> (artifact id: 'a24434a9509479c66788129353e6e414') in 0.017861 seconds
  Import took 0.035397 seconds .

========================================================================
Received Import Request.
  Time since last request: 0.005588 seconds.
  path: Assets/Prefabs/Pick Up.prefab
  artifactKey: Guid(482c9b900e34fa14eb15d731596d04fd) Importer(815301076,1909f56bfc062723c751e8b465ee728b)
Start importing Assets/Prefabs/Pick Up.prefab using Guid(482c9b900e34fa14eb15d731596d04fd) Importer(815301076,1909f56bfc062723c751e8b465ee728b)  -> (artifact id: 'a24434a9509479c66788129353e6e414') in 0.028703 seconds
  Import took 0.033432 seconds .

========================================================================
Received Prepare
Registering precompiled user dll's ...
Registered in 0.010695 seconds.
Begin MonoManager ReloadAssembly
Native extension for WindowsStandalone target not found
Refreshing native plugins compatible for Editor in 0.38 ms, found 2 plugins.
Preloading 0 native plugins for Editor in 0.00 ms.
Mono: successfully reloaded assembly
- Completed reload, in  0.945 seconds
Platform modules already initialized, skipping
Refreshing native plugins compatible for Editor in 0.32 ms, found 2 plugins.
Preloading 0 native plugins for Editor in 0.00 ms.
Unloading 1384 Unused Serialized files (Serialized files now loaded: 0)
System memory in use before: 68.2 MB.
System memory in use after: 68.3 MB.

Unloading 15 unused Assets to reduce memory usage. Loaded Objects now: 1922.
Total: 2.271000 ms (FindLiveObjects: 0.191000 ms CreateObjectMapping: 0.041200 ms MarkObjects: 1.950800 ms  DeleteObjects: 0.086900 ms)

========================================================================
Received Import Request.
  Time since last request: 255.632306 seconds.
  path: Assets/Scripts/JoueurControleur.cs
  artifactKey: Guid(467843ce071758f47b9aa9bdfec5d276) Importer(815301076,1909f56bfc062723c751e8b465ee728b)
Start importing Assets/Scripts/JoueurControleur.cs using Guid(467843ce071758f47b9aa9bdfec5d276) Importer(815301076,1909f56bfc062723c751e8b465ee728b)  -> (artifact id: '4c5c04b53ea2d20e4bba316c49582b95') in 0.007070 seconds
  Import took 0.009386 seconds .

========================================================================
Received Prepare
Registering precompiled user dll's ...
Registered in 0.008305 seconds.
Begin MonoManager ReloadAssembly
Native extension for WindowsStandalone target not found
Refreshing native plugins compatible for Editor in 0.51 ms, found 2 plugins.
Preloading 0 native plugins for Editor in 0.00 ms.
Mono: successfully reloaded assembly
- Completed reload, in  1.854 seconds
Platform modules already initialized, skipping
Refreshing native plugins compatible for Editor in 0.86 ms, found 2 plugins.
Preloading 0 native plugins for Editor in 0.00 ms.
Unloading 1384 Unused Serialized files (Serialized files now loaded: 0)
System memory in use before: 68.2 MB.
System memory in use after: 68.3 MB.

Unloading 14 unused Assets to reduce memory usage. Loaded Objects now: 1925.
Total: 2.650300 ms (FindLiveObjects: 0.184500 ms CreateObjectMapping: 0.044000 ms MarkObjects: 2.361100 ms  DeleteObjects: 0.059400 ms)

========================================================================
Received Prepare
Registering precompiled user dll's ...
Registered in 0.009002 seconds.
Begin MonoManager ReloadAssembly
Native extension for WindowsStandalone target not found
Refreshing native plugins compatible for Editor in 0.50 ms, found 2 plugins.
Preloading 0 native plugins for Editor in 0.00 ms.
Mono: successfully reloaded assembly
- Completed reload, in  1.830 seconds
Platform modules already initialized, skipping
Refreshing native plugins compatible for Editor in 0.51 ms, found 2 plugins.
Preloading 0 native plugins for Editor in 0.00 ms.
Unloading 1384 Unused Serialized files (Serialized files now loaded: 0)
System memory in use before: 68.2 MB.
System memory in use after: 68.3 MB.

Unloading 14 unused Assets to reduce memory usage. Loaded Objects now: 1928.
Total: 3.512100 ms (FindLiveObjects: 0.278200 ms CreateObjectMapping: 0.082300 ms MarkObjects: 3.060200 ms  DeleteObjects: 0.089700 ms)

AssetImportWorkerClient::OnTransportError - code=2 error=End of file
